Using pre-set license
Built from '2022.3/staging' branch; Version is '2022.3.22f1 (887be4894c44) revision 8944612'; Using compiler version '192829333'; Build Type 'Release'
OS: 'Windows 11  (10.0.22631) 64bit Education' Language: 'ko' Physical Memory: 32348 MB
BatchMode: 1, IsHumanControllingUs: 0, StartBugReporterOnCrash: 0, Is64bit: 1, IsPro: 1

COMMAND LINE ARGUMENTS:
C:\Program Files\Unity\Hub\Editor\2022.3.22f1\Editor\Unity.exe
-adb2
-batchMode
-noUpm
-name
AssetImportWorker2
-projectPath
C:/Users/kimsijun/Desktop/Project/fREeze
-logFile
Logs/AssetImportWorker2.log
-srvPort
56803
Successfully changed project path to: C:/Users/kimsijun/Desktop/Project/fREeze
C:/Users/kimsijun/Desktop/Project/fREeze
[UnityMemory] Configuration Parameters - Can be set up in boot.config
    "memorysetup-bucket-allocator-granularity=16"
    "memorysetup-bucket-allocator-bucket-count=8"
    "memorysetup-bucket-allocator-block-size=33554432"
    "memorysetup-bucket-allocator-block-count=8"
    "memorysetup-main-allocator-block-size=16777216"
    "memorysetup-thread-allocator-block-size=16777216"
    "memorysetup-gfx-main-allocator-block-size=16777216"
    "memorysetup-gfx-thread-allocator-block-size=16777216"
    "memorysetup-cache-allocator-block-size=4194304"
    "memorysetup-typetree-allocator-block-size=2097152"
    "memorysetup-profiler-bucket-allocator-granularity=16"
    "memorysetup-profiler-bucket-allocator-bucket-count=8"
    "memorysetup-profiler-bucket-allocator-block-size=33554432"
    "memorysetup-profiler-bucket-allocator-block-count=8"
    "memorysetup-profiler-allocator-block-size=16777216"
    "memorysetup-profiler-editor-allocator-block-size=1048576"
    "memorysetup-temp-allocator-size-main=16777216"
    "memorysetup-job-temp-allocator-block-size=2097152"
    "memorysetup-job-temp-allocator-block-size-background=1048576"
    "memorysetup-job-temp-allocator-reduction-small-platforms=262144"
    "memorysetup-allocator-temp-initial-block-size-main=262144"
    "memorysetup-allocator-temp-initial-block-size-worker=262144"
    "memorysetup-temp-allocator-size-background-worker=32768"
    "memorysetup-temp-allocator-size-job-worker=262144"
    "memorysetup-temp-allocator-size-preload-manager=33554432"
    "memorysetup-temp-allocator-size-nav-mesh-worker=65536"
    "memorysetup-temp-allocator-size-audio-worker=65536"
    "memorysetup-temp-allocator-size-cloud-worker=32768"
    "memorysetup-temp-allocator-size-gi-baking-worker=262144"
    "memorysetup-temp-allocator-size-gfx=262144"
Player connection [22900] Host "[IP] 172.30.1.23 [Port] 0 [Flags] 2 [Guid] 646547333 [EditorId] 646547333 [Version] 1048832 [Id] WindowsEditor(7,DESKTOP-K8K2SLO) [Debug] 1 [PackageName] WindowsEditor [ProjectName] Editor" joined multi-casting on [225.0.0.222:54997]...

Player connection [22900] Host "[IP] 172.30.1.23 [Port] 0 [Flags] 2 [Guid] 646547333 [EditorId] 646547333 [Version] 1048832 [Id] WindowsEditor(7,DESKTOP-K8K2SLO) [Debug] 1 [PackageName] WindowsEditor [ProjectName] Editor" joined alternative multi-casting on [225.0.0.222:34997]...

[Physics::Module] Initialized MultithreadedJobDispatcher with 21 workers.
Refreshing native plugins compatible for Editor in 11.01 ms, found 3 plugins.
Preloading 0 native plugins for Editor in 0.00 ms.
Initialize engine version: 2022.3.22f1 (887be4894c44)
[Subsystems] Discovering subsystems at path C:/Program Files/Unity/Hub/Editor/2022.3.22f1/Editor/Data/Resources/UnitySubsystems
[Subsystems] Discovering subsystems at path C:/Users/kimsijun/Desktop/Project/fREeze/Assets
GfxDevice: creating device client; threaded=0; jobified=0
Direct3D:
    Version:  Direct3D 11.0 [level 11.1]
    Renderer: Intel(R) Arc(TM) Graphics (ID=0x7d55)
    Vendor:   Intel
    VRAM:     16174 MB
    Driver:   31.0.101.5333
Initialize mono
Mono path[0] = 'C:/Program Files/Unity/Hub/Editor/2022.3.22f1/Editor/Data/Managed'
Mono path[1] = 'C:/Program Files/Unity/Hub/Editor/2022.3.22f1/Editor/Data/MonoBleedingEdge/lib/mono/unityjit-win32'
Mono config path = 'C:/Program Files/Unity/Hub/Editor/2022.3.22f1/Editor/Data/MonoBleedingEdge/etc'
Using monoOptions --debugger-agent=transport=dt_socket,embedding=1,server=y,suspend=n,address=127.0.0.1:56864
Begin MonoManager ReloadAssembly
Registering precompiled unity dll's ...
Register platform support module: C:/Program Files/Unity/Hub/Editor/2022.3.22f1/Editor/Data/PlaybackEngines/AndroidPlayer/UnityEditor.Android.Extensions.dll
Register platform support module: C:/Program Files/Unity/Hub/Editor/2022.3.22f1/Editor/Data/PlaybackEngines/WindowsStandaloneSupport/UnityEditor.WindowsStandalone.Extensions.dll
Registered in 0.003751 seconds.
- Loaded All Assemblies, in  0.299 seconds
Native extension for WindowsStandalone target not found
Native extension for Android target not found
Android Extension - Scanning For ADB Devices 219 ms
Mono: successfully reloaded assembly
- Finished resetting the current domain, in  0.502 seconds
Domain Reload Profiling: 801ms
	BeginReloadAssembly (92ms)
		ExecutionOrderSort (0ms)
		DisableScriptedObjects (0ms)
		BackupInstance (0ms)
		ReleaseScriptingObjects (0ms)
		CreateAndSetChildDomain (1ms)
	RebuildCommonClasses (30ms)
	RebuildNativeTypeToScriptingClass (9ms)
	initialDomainReloadingComplete (49ms)
	LoadAllAssembliesAndSetupDomain (118ms)
		LoadAssemblies (91ms)
		RebuildTransferFunctionScriptingTraits (0ms)
		AnalyzeDomain (117ms)
			TypeCache.Refresh (115ms)
				TypeCache.ScanAssembly (102ms)
			ScanForSourceGeneratedMonoScriptInfo (0ms)
			ResolveRequiredComponents (0ms)
	FinalizeReload (503ms)
		ReleaseScriptCaches (0ms)
		RebuildScriptCaches (0ms)
		SetupLoadedEditorAssemblies (459ms)
			LogAssemblyErrors (0ms)
			InitializePlatformSupportModulesInManaged (297ms)
			SetLoadedEditorAssemblies (3ms)
			RefreshPlugins (0ms)
			BeforeProcessingInitializeOnLoad (1ms)
			ProcessInitializeOnLoadAttributes (120ms)
			ProcessInitializeOnLoadMethodAttributes (38ms)
			AfterProcessingInitializeOnLoad (0ms)
			EditorAssembliesLoaded (0ms)
		ExecutionOrderSort2 (0ms)
		AwakeInstancesAfterBackupRestoration (0ms)
========================================================================
Worker process is ready to serve import requests
Begin MonoManager ReloadAssembly
- Loaded All Assemblies, in  0.557 seconds
Refreshing native plugins compatible for Editor in 3.24 ms, found 3 plugins.
Native extension for WindowsStandalone target not found
Native extension for Android target not found
[MODES] ModeService[none].Initialize
[MODES] ModeService[none].LoadModes
[MODES] Loading mode Default (0) for mode-current-id-fREze
Package Manager log level set to [2]
[Package Manager] Server::EnsureServerProcessIsRunning -- launch failed, reason: Unity was launched with the -noUpm command-line argument
[Package Manager] UpmClient::Send -- Unable to send message (not connected to UPM process).
[Package Manager] Cannot connect to Unity Package Manager local server
Mono: successfully reloaded assembly
- Finished resetting the current domain, in  0.530 seconds
Domain Reload Profiling: 1086ms
	BeginReloadAssembly (133ms)
		ExecutionOrderSort (0ms)
		DisableScriptedObjects (4ms)
		BackupInstance (0ms)
		ReleaseScriptingObjects (0ms)
		CreateAndSetChildDomain (26ms)
	RebuildCommonClasses (38ms)
	RebuildNativeTypeToScriptingClass (8ms)
	initialDomainReloadingComplete (32ms)
	LoadAllAssembliesAndSetupDomain (345ms)
		LoadAssemblies (263ms)
		RebuildTransferFunctionScriptingTraits (0ms)
		AnalyzeDomain (153ms)
			TypeCache.Refresh (127ms)
				TypeCache.ScanAssembly (112ms)
			ScanForSourceGeneratedMonoScriptInfo (20ms)
			ResolveRequiredComponents (5ms)
	FinalizeReload (531ms)
		ReleaseScriptCaches (0ms)
		RebuildScriptCaches (0ms)
		SetupLoadedEditorAssemblies (412ms)
			LogAssemblyErrors (0ms)
			InitializePlatformSupportModulesInManaged (19ms)
			SetLoadedEditorAssemblies (3ms)
			RefreshPlugins (0ms)
			BeforeProcessingInitializeOnLoad (46ms)
			ProcessInitializeOnLoadAttributes (320ms)
			ProcessInitializeOnLoadMethodAttributes (20ms)
			AfterProcessingInitializeOnLoad (3ms)
			EditorAssembliesLoaded (0ms)
		ExecutionOrderSort2 (0ms)
		AwakeInstancesAfterBackupRestoration (4ms)
Shader 'Stylized Toon': fallback shader 'Hidden/Shader Graph/FallbackError' not found
Shader 'Stylized Toon': fallback shader 'Hidden/Shader Graph/FallbackError' not found
Launched and connected shader compiler UnityShaderCompiler.exe after 0.07 seconds
Refreshing native plugins compatible for Editor in 2.92 ms, found 3 plugins.
Preloading 0 native plugins for Editor in 0.00 ms.
Unloading 3795 Unused Serialized files (Serialized files now loaded: 0)
Unloading 55 unused Assets / (356.5 KB). Loaded Objects now: 4298.
Memory consumption went from 167.1 MB to 166.7 MB.
Total: 3.267600 ms (FindLiveObjects: 0.428800 ms CreateObjectMapping: 0.155400 ms MarkObjects: 2.489000 ms  DeleteObjects: 0.192400 ms)

AssetImportParameters requested are different than current active one (requested -> active):
  custom:container-demuxer-ogg: 62fdf1f143b41e24485cea50d1cbac27 -> 
  custom:video-codec-MediaFoundation-h265: 746d11721c4dcdbdad8f713fa42b33f4 -> 
  custom:video-decoder-ogg-theora: a1e56fd34408186e4bbccfd4996cb3dc -> 
  custom:framework-win-MediaFoundation: 216162199b28c13a410421893ffa2e32 -> 
  custom:CustomObjectIndexerAttribute: 9a22284fe3817be447336de3de66b15e -> 
  custom:container-demuxer-webm: 4f35f7cbe854078d1ac9338744f61a02 -> 
  custom:container-muxer-webm: aa71ff27fc2769a1b78a27578f13a17b -> 
  custom:video-decoder-webm-vp8: 9c59270c3fd7afecdb556c50c9e8de78 -> 
  custom:SearchIndexIgnoredProperties: e643bd26f0fe6173181afceb89e7c659 -> 
  custom:AudioImporter_EditorPlatform: d09bf68614088b80899f8185d706f6e7 -> 
  custom:video-encoder-webm-vp8: eb34c28f22e8b96e1ab97ce403110664 -> 
  custom:audio-decoder-ogg-vorbis: bf7c407c2cedff20999df2af8eb42d56 -> 
  custom:audio-encoder-webm-vorbis: bf7c407c2cedff20999df2af8eb42d56 -> 
========================================================================
Received Import Request.
  Time since last request: 254567.373029 seconds.
  path: Assets/Stylized Toon Pro/Demo/Meshes/BendedScene 1.obj
  artifactKey: Guid(fdaa7bbce484fe64e90f77e7d82a3b24) Importer(815301076,1909f56bfc062723c751e8b465ee728b)
Start importing Assets/Stylized Toon Pro/Demo/Meshes/BendedScene 1.obj using Guid(fdaa7bbce484fe64e90f77e7d82a3b24) Importer(815301076,1909f56bfc062723c751e8b465ee728b)  -> (artifact id: '68bbc30383a25d201febf6e208538db1') in 0.182031 seconds
Number of updated asset objects reloaded before import = 0
Number of asset objects unloaded after import = 10
========================================================================
Received Import Request.
  Time since last request: 3.921809 seconds.
  path: Assets/Stylized Toon Pro/Demo/Knots Diffuse WarpTimeline.playable
  artifactKey: Guid(9151f828907b50e4f9664e6ac57d2229) Importer(815301076,1909f56bfc062723c751e8b465ee728b)
Start importing Assets/Stylized Toon Pro/Demo/Knots Diffuse WarpTimeline.playable using Guid(9151f828907b50e4f9664e6ac57d2229) Importer(815301076,1909f56bfc062723c751e8b465ee728b)  -> (artifact id: '8e6275649f3a4d5337e11c02ce520b5f') in 0.008677 seconds
Number of updated asset objects reloaded before import = 0
Number of asset objects unloaded after import = 12
========================================================================
Received Import Request.
  Time since last request: 6.862716 seconds.
  path: Assets/Stylized Toon Pro/Scenes/DemoRoom.unity
  artifactKey: Guid(aff30241fd291e74b80e48d239e80ba1) Importer(815301076,1909f56bfc062723c751e8b465ee728b)
Start importing Assets/Stylized Toon Pro/Scenes/DemoRoom.unity using Guid(aff30241fd291e74b80e48d239e80ba1) Importer(815301076,1909f56bfc062723c751e8b465ee728b)  -> (artifact id: 'b6b3574e8e9acea1f4ebb29b53750a85') in 0.000741 seconds
Number of updated asset objects reloaded before import = 0
Number of asset objects unloaded after import = 0
========================================================================
Received Prepare
Begin MonoManager ReloadAssembly
- Loaded All Assemblies, in  1.069 seconds
Refreshing native plugins compatible for Editor in 4.45 ms, found 3 plugins.
Native extension for WindowsStandalone target not found
Native extension for Android target not found
[MODES] ModeService[none].Initialize
[MODES] ModeService[none].LoadModes
[MODES] Loading mode Default (0) for mode-current-id-fREze
[Package Manager] Server::EnsureServerProcessIsRunning -- launch failed, reason: Unity was launched with the -noUpm command-line argument
[Package Manager] UpmClient::Send -- Unable to send message (not connected to UPM process).
[Package Manager] Cannot connect to Unity Package Manager local server
Mono: successfully reloaded assembly
- Finished resetting the current domain, in  5.550 seconds
Domain Reload Profiling: 6614ms
	BeginReloadAssembly (244ms)
		ExecutionOrderSort (0ms)
		DisableScriptedObjects (16ms)
		BackupInstance (0ms)
		ReleaseScriptingObjects (0ms)
		CreateAndSetChildDomain (71ms)
	RebuildCommonClasses (47ms)
	RebuildNativeTypeToScriptingClass (18ms)
	initialDomainReloadingComplete (44ms)
	LoadAllAssembliesAndSetupDomain (710ms)
		LoadAssemblies (618ms)
		RebuildTransferFunctionScriptingTraits (0ms)
		AnalyzeDomain (205ms)
			TypeCache.Refresh (157ms)
				TypeCache.ScanAssembly (138ms)
			ScanForSourceGeneratedMonoScriptInfo (30ms)
			ResolveRequiredComponents (16ms)
	FinalizeReload (5551ms)
		ReleaseScriptCaches (0ms)
		RebuildScriptCaches (0ms)
		SetupLoadedEditorAssemblies (3638ms)
			LogAssemblyErrors (0ms)
			InitializePlatformSupportModulesInManaged (34ms)
			SetLoadedEditorAssemblies (5ms)
			RefreshPlugins (0ms)
			BeforeProcessingInitializeOnLoad (103ms)
			ProcessInitializeOnLoadAttributes (3389ms)
			ProcessInitializeOnLoadMethodAttributes (100ms)
			AfterProcessingInitializeOnLoad (7ms)
			EditorAssembliesLoaded (0ms)
		ExecutionOrderSort2 (0ms)
		AwakeInstancesAfterBackupRestoration (10ms)
Shader 'Universal Render Pipeline/Nature/SpeedTree7': fallback shader 'Hidden/Universal Render Pipeline/FallbackError' not found
Shader 'Universal Render Pipeline/Nature/SpeedTree7': dependency 'BillboardShader' shader 'Universal Render Pipeline/Nature/SpeedTree7 Billboard' not found
Shader 'Hidden/Universal Render Pipeline/Terrain/Lit (Add Pass)': fallback shader 'Hidden/Universal Render Pipeline/FallbackError' not found
Shader 'Hidden/Universal Render Pipeline/Terrain/Lit (Base Pass)': fallback shader 'Hidden/Universal Render Pipeline/FallbackError' not found
WARNING: Shader Unsupported: 'Hidden/Universal Render Pipeline/Terrain/Lit (Base Pass)' - All subshaders removed
WARNING: Shader Did you use #pragma only_renderers and omit this platform?
WARNING: Shader If subshaders removal was intentional, you may have forgotten turning Fallback off?
WARNING: Shader Unsupported: 'Hidden/Universal Render Pipeline/Terrain/Lit (Base Pass)' - All subshaders removed
WARNING: Shader Did you use #pragma only_renderers and omit this platform?
WARNING: Shader If subshaders removal was intentional, you may have forgotten turning Fallback off?
Shader 'Hidden/Universal Render Pipeline/FallbackError': fallback shader 'Hidden/Core/FallbackError' not found
Shader 'Universal Render Pipeline/Baked Lit': fallback shader 'Universal Render Pipeline/Unlit' not found
Refreshing native plugins compatible for Editor in 6.63 ms, found 3 plugins.
Preloading 0 native plugins for Editor in 0.00 ms.
Unloading 5362 Unused Serialized files (Serialized files now loaded: 0)
Unloading 134 unused Assets / (7.9 MB). Loaded Objects now: 5840.
Memory consumption went from 226.2 MB to 218.2 MB.
Total: 8.783800 ms (FindLiveObjects: 0.677800 ms CreateObjectMapping: 0.650200 ms MarkObjects: 3.608000 ms  DeleteObjects: 3.846500 ms)

Prepare: number of updated asset objects reloaded= 0
AssetImportParameters requested are different than current active one (requested -> active):
  custom:container-demuxer-ogg: 62fdf1f143b41e24485cea50d1cbac27 -> 
  custom:video-codec-MediaFoundation-h265: 746d11721c4dcdbdad8f713fa42b33f4 -> 
  custom:video-decoder-ogg-theora: a1e56fd34408186e4bbccfd4996cb3dc -> 
  custom:framework-win-MediaFoundation: 216162199b28c13a410421893ffa2e32 -> 
  custom:CustomObjectIndexerAttribute: 72b91833f83ae208fae7752999fa3104 -> 
  custom:container-demuxer-webm: 4f35f7cbe854078d1ac9338744f61a02 -> 
  custom:container-muxer-webm: aa71ff27fc2769a1b78a27578f13a17b -> 
  custom:video-decoder-webm-vp8: 9c59270c3fd7afecdb556c50c9e8de78 -> 
  custom:SearchIndexIgnoredProperties: e643bd26f0fe6173181afceb89e7c659 -> 
  custom:AudioImporter_EditorPlatform: d09bf68614088b80899f8185d706f6e7 -> 
  custom:video-encoder-webm-vp8: eb34c28f22e8b96e1ab97ce403110664 -> 
  custom:audio-decoder-ogg-vorbis: bf7c407c2cedff20999df2af8eb42d56 -> 
  custom:audio-encoder-webm-vorbis: bf7c407c2cedff20999df2af8eb42d56 -> 
========================================================================
Received Import Request.
  Time since last request: 271.576017 seconds.
  path: Assets/Stylized Toon Pro/Demo/Meshes/BendedScene 1.obj
  artifactKey: Guid(fdaa7bbce484fe64e90f77e7d82a3b24) Importer(815301076,1909f56bfc062723c751e8b465ee728b)
Start importing Assets/Stylized Toon Pro/Demo/Meshes/BendedScene 1.obj using Guid(fdaa7bbce484fe64e90f77e7d82a3b24) Importer(815301076,1909f56bfc062723c751e8b465ee728b)  -> (artifact id: '34a058d9281e31cbd79a0ec79ce87955') in 0.317433 seconds
Number of updated asset objects reloaded before import = 0
Number of asset objects unloaded after import = 10
========================================================================
Received Import Request.
  Time since last request: 0.000032 seconds.
  path: Assets/Stylized Toon Pro/Demo/Meshes/TestRoom.prefab
  artifactKey: Guid(dbdf5fc7c6e35854f9703eed8776374e) Importer(815301076,1909f56bfc062723c751e8b465ee728b)
Start importing Assets/Stylized Toon Pro/Demo/Meshes/TestRoom.prefab using Guid(dbdf5fc7c6e35854f9703eed8776374e) Importer(815301076,1909f56bfc062723c751e8b465ee728b)  -> (artifact id: '7e3d74842ff16a751599a9920229c5b3') in 0.032819 seconds
Number of updated asset objects reloaded before import = 0
Number of asset objects unloaded after import = 8
========================================================================
Received Import Request.
  Time since last request: 0.000040 seconds.
  path: Assets/Stylized Toon Pro/Demo/Meshes/TorusKnots.fbx
  artifactKey: Guid(37b9d8e03b7dd9e4ab3145049d2f591d) Importer(815301076,1909f56bfc062723c751e8b465ee728b)
Start importing Assets/Stylized Toon Pro/Demo/Meshes/TorusKnots.fbx using Guid(37b9d8e03b7dd9e4ab3145049d2f591d) Importer(815301076,1909f56bfc062723c751e8b465ee728b)  -> (artifact id: 'cf6816ce549269f02b958b76b0fef872') in 0.029681 seconds
Number of updated asset objects reloaded before import = 0
Number of asset objects unloaded after import = 7
========================================================================
Received Import Request.
  Time since last request: 52.372742 seconds.
  path: Assets/Stylized Toon Pro/Shader/StylizedToon.shader
  artifactKey: Guid(60e29b7951f20da47b11861d166b7036) Importer(815301076,1909f56bfc062723c751e8b465ee728b)
Start importing Assets/Stylized Toon Pro/Shader/StylizedToon.shader using Guid(60e29b7951f20da47b11861d166b7036) Importer(815301076,1909f56bfc062723c751e8b465ee728b)  -> (artifact id: '4831d6029c881b4d801b69b5e1e7a025') in 0.003725 seconds
Number of updated asset objects reloaded before import = 0
Number of asset objects unloaded after import = 2
========================================================================
Received Import Request.
  Time since last request: 23.181474 seconds.
  path: Assets/Stylized Toon Pro/Demo/ShaderBall/ShaderBall.obj
  artifactKey: Guid(492bbfe63f757884fa711aa3d9fec510) Importer(815301076,1909f56bfc062723c751e8b465ee728b)
Start importing Assets/Stylized Toon Pro/Demo/ShaderBall/ShaderBall.obj using Guid(492bbfe63f757884fa711aa3d9fec510) Importer(815301076,1909f56bfc062723c751e8b465ee728b)  -> (artifact id: '7e6221577610a2f8eb93d3629afaa4f2') in 0.049917 seconds
Number of updated asset objects reloaded before import = 0
Number of asset objects unloaded after import = 10
========================================================================
Received Import Request.
  Time since last request: 25.450716 seconds.
  path: Assets/Stylized Toon Pro/Demo/Ellen/AnimationClips
  artifactKey: Guid(65c5d0c5a9ea9834bb24147c892f5365) Importer(815301076,1909f56bfc062723c751e8b465ee728b)
Start importing Assets/Stylized Toon Pro/Demo/Ellen/AnimationClips using Guid(65c5d0c5a9ea9834bb24147c892f5365) Importer(815301076,1909f56bfc062723c751e8b465ee728b)  -> (artifact id: '0c5c20494259c81991901822cd372eba') in 0.000881 seconds
Number of updated asset objects reloaded before import = 0
Number of asset objects unloaded after import = 0
========================================================================
Received Import Request.
  Time since last request: 0.090815 seconds.
  path: Assets/Stylized Toon Pro/Demo/Ellen/AnimationClips/@EllenRandomIdle1.fbx
  artifactKey: Guid(e7f8d149f8d7e5242a52e530f0782e92) Importer(815301076,1909f56bfc062723c751e8b465ee728b)
Start importing Assets/Stylized Toon Pro/Demo/Ellen/AnimationClips/@EllenRandomIdle1.fbx using Guid(e7f8d149f8d7e5242a52e530f0782e92) Importer(815301076,1909f56bfc062723c751e8b465ee728b)  -> (artifact id: 'e0c57774dc5deafa3e9a75d53ef24222') in 0.072265 seconds
Number of updated asset objects reloaded before import = 0
Number of asset objects unloaded after import = 223
========================================================================
Received Import Request.
  Time since last request: 0.000020 seconds.
  path: Assets/Stylized Toon Pro/Demo/Ellen/AnimationClips/@EllenRandomIdle3.fbx
  artifactKey: Guid(6bddc2fb042e88f4190b861b198db1d4) Importer(815301076,1909f56bfc062723c751e8b465ee728b)
Start importing Assets/Stylized Toon Pro/Demo/Ellen/AnimationClips/@EllenRandomIdle3.fbx using Guid(6bddc2fb042e88f4190b861b198db1d4) Importer(815301076,1909f56bfc062723c751e8b465ee728b)  -> (artifact id: '6db58463f2f6dfa31e9a791632b914f5') in 0.036249 seconds
Number of updated asset objects reloaded before import = 0
Number of asset objects unloaded after import = 225
========================================================================
Received Import Request.
  Time since last request: 4.002256 seconds.
  path: Assets/Stylized Toon Pro/Demo/Ellen/Lit Materials/Ellen_Body_Dirty_Mat 1.mat
  artifactKey: Guid(efb2bcd326c1f4b4ea8d48888954397d) Importer(815301076,1909f56bfc062723c751e8b465ee728b)
Start importing Assets/Stylized Toon Pro/Demo/Ellen/Lit Materials/Ellen_Body_Dirty_Mat 1.mat using Guid(efb2bcd326c1f4b4ea8d48888954397d) Importer(815301076,1909f56bfc062723c751e8b465ee728b)  -> (artifact id: 'd25e449a00bcfd8c1cdf4bf41d5715c2') in 0.470879 seconds
Number of updated asset objects reloaded before import = 0
Number of asset objects unloaded after import = 9
========================================================================
Received Import Request.
  Time since last request: 0.000021 seconds.
  path: Assets/Stylized Toon Pro/Demo/Ellen/Lit Materials/Ellen_Tear_Mat 1.mat
  artifactKey: Guid(9d38d3de62357de4d8e9abff30f5f332) Importer(815301076,1909f56bfc062723c751e8b465ee728b)
Start importing Assets/Stylized Toon Pro/Demo/Ellen/Lit Materials/Ellen_Tear_Mat 1.mat using Guid(9d38d3de62357de4d8e9abff30f5f332) Importer(815301076,1909f56bfc062723c751e8b465ee728b)  -> (artifact id: 'ba6f85c1a9d56820bc4550bc741d109a') in 0.057094 seconds
Number of updated asset objects reloaded before import = 0
Number of asset objects unloaded after import = 4
========================================================================
Received Import Request.
  Time since last request: 17.292492 seconds.
  path: Assets/Stylized Toon Pro/Demo/Ellen/Models/Ellen.fbx
  artifactKey: Guid(a5674d01884853d4e8f2386a171e14d9) Importer(815301076,1909f56bfc062723c751e8b465ee728b)
Start importing Assets/Stylized Toon Pro/Demo/Ellen/Models/Ellen.fbx using Guid(a5674d01884853d4e8f2386a171e14d9) Importer(815301076,1909f56bfc062723c751e8b465ee728b)  -> (artifact id: 'ae731df1ae7b3512c6cf4f5e444ef0da') in 0.626021 seconds
Number of updated asset objects reloaded before import = 0
Number of asset objects unloaded after import = 243
========================================================================
Received Import Request.
  Time since last request: 10.229779 seconds.
  path: Assets/Stylized Toon Pro/Demo/Ellen/Weapons/Materials/Staff_Mat.mat
  artifactKey: Guid(0e974c7294e486e4cb42482e61c0c4de) Importer(815301076,1909f56bfc062723c751e8b465ee728b)
Start importing Assets/Stylized Toon Pro/Demo/Ellen/Weapons/Materials/Staff_Mat.mat using Guid(0e974c7294e486e4cb42482e61c0c4de) Importer(815301076,1909f56bfc062723c751e8b465ee728b)  -> (artifact id: '8f79b6def6052c9c84375a6f5c75bf7a') in 0.415728 seconds
Number of updated asset objects reloaded before import = 0
Number of asset objects unloaded after import = 6
========================================================================
Received Prepare
Begin MonoManager ReloadAssembly
- Loaded All Assemblies, in  0.465 seconds
Refreshing native plugins compatible for Editor in 2.95 ms, found 3 plugins.
Native extension for WindowsStandalone target not found
Native extension for Android target not found
[MODES] ModeService[none].Initialize
[MODES] ModeService[none].LoadModes
[MODES] Loading mode Default (0) for mode-current-id-fREze
[Package Manager] Server::EnsureServerProcessIsRunning -- launch failed, reason: Unity was launched with the -noUpm command-line argument
[Package Manager] UpmClient::Send -- Unable to send message (not connected to UPM process).
[Package Manager] Cannot connect to Unity Package Manager local server
Mono: successfully reloaded assembly
- Finished resetting the current domain, in  0.953 seconds
Domain Reload Profiling: 1416ms
	BeginReloadAssembly (119ms)
		ExecutionOrderSort (0ms)
		DisableScriptedObjects (3ms)
		BackupInstance (0ms)
		ReleaseScriptingObjects (0ms)
		CreateAndSetChildDomain (38ms)
	RebuildCommonClasses (22ms)
	RebuildNativeTypeToScriptingClass (14ms)
	initialDomainReloadingComplete (27ms)
	LoadAllAssembliesAndSetupDomain (280ms)
		LoadAssemblies (300ms)
		RebuildTransferFunctionScriptingTraits (0ms)
		AnalyzeDomain (34ms)
			TypeCache.Refresh (8ms)
				TypeCache.ScanAssembly (0ms)
			ScanForSourceGeneratedMonoScriptInfo (16ms)
			ResolveRequiredComponents (9ms)
	FinalizeReload (954ms)
		ReleaseScriptCaches (0ms)
		RebuildScriptCaches (0ms)
		SetupLoadedEditorAssemblies (418ms)
			LogAssemblyErrors (0ms)
			InitializePlatformSupportModulesInManaged (17ms)
			SetLoadedEditorAssemblies (3ms)
			RefreshPlugins (0ms)
			BeforeProcessingInitializeOnLoad (55ms)
			ProcessInitializeOnLoadAttributes (281ms)
			ProcessInitializeOnLoadMethodAttributes (59ms)
			AfterProcessingInitializeOnLoad (4ms)
			EditorAssembliesLoaded (0ms)
		ExecutionOrderSort2 (0ms)
		AwakeInstancesAfterBackupRestoration (8ms)
Refreshing native plugins compatible for Editor in 3.49 ms, found 3 plugins.
Preloading 0 native plugins for Editor in 0.00 ms.
Unloading 5363 Unused Serialized files (Serialized files now loaded: 0)
Unloading 142 unused Assets / (7.7 MB). Loaded Objects now: 5849.
Memory consumption went from 230.9 MB to 223.2 MB.
Total: 6.113900 ms (FindLiveObjects: 0.350600 ms CreateObjectMapping: 0.094900 ms MarkObjects: 2.782700 ms  DeleteObjects: 2.884300 ms)

Prepare: number of updated asset objects reloaded= 0
AssetImportParameters requested are different than current active one (requested -> active):
  custom:container-demuxer-ogg: 62fdf1f143b41e24485cea50d1cbac27 -> 
  custom:video-codec-MediaFoundation-h265: 746d11721c4dcdbdad8f713fa42b33f4 -> 
  custom:video-decoder-ogg-theora: a1e56fd34408186e4bbccfd4996cb3dc -> 
  custom:framework-win-MediaFoundation: 216162199b28c13a410421893ffa2e32 -> 
  custom:CustomObjectIndexerAttribute: 72b91833f83ae208fae7752999fa3104 -> 
  custom:container-demuxer-webm: 4f35f7cbe854078d1ac9338744f61a02 -> 
  custom:container-muxer-webm: aa71ff27fc2769a1b78a27578f13a17b -> 
  custom:video-decoder-webm-vp8: 9c59270c3fd7afecdb556c50c9e8de78 -> 
  custom:SearchIndexIgnoredProperties: e643bd26f0fe6173181afceb89e7c659 -> 
  custom:AudioImporter_EditorPlatform: d09bf68614088b80899f8185d706f6e7 -> 
  custom:video-encoder-webm-vp8: eb34c28f22e8b96e1ab97ce403110664 -> 
  custom:audio-decoder-ogg-vorbis: bf7c407c2cedff20999df2af8eb42d56 -> 
  custom:audio-encoder-webm-vorbis: bf7c407c2cedff20999df2af8eb42d56 -> 
========================================================================
Received Import Request.
  Time since last request: 42.365036 seconds.
  path: Assets/Stylized Toon Pro/Built-in 2021+ - only shader.unitypackage
  artifactKey: Guid(a8b2f1968142063429a6b5b250f8f331) Importer(815301076,1909f56bfc062723c751e8b465ee728b)
Start importing Assets/Stylized Toon Pro/Built-in 2021+ - only shader.unitypackage using Guid(a8b2f1968142063429a6b5b250f8f331) Importer(815301076,1909f56bfc062723c751e8b465ee728b)  -> (artifact id: '56dbfce7e18c0646f12a8f41c5540f7a') in 0.014949 seconds
Number of updated asset objects reloaded before import = 0
Number of asset objects unloaded after import = 1
========================================================================
Received Import Request.
  Time since last request: 42.337935 seconds.
  path: Assets/Stylized Toon Pro/Example Materials/NPR Materials/DiffuseWarp/Diffuse Warp 2.mat
  artifactKey: Guid(41eed0e10c5d9264d86037ba745f9735) Importer(815301076,1909f56bfc062723c751e8b465ee728b)
Start importing Assets/Stylized Toon Pro/Example Materials/NPR Materials/DiffuseWarp/Diffuse Warp 2.mat using Guid(41eed0e10c5d9264d86037ba745f9735) Importer(815301076,1909f56bfc062723c751e8b465ee728b)  -> (artifact id: 'fbd2acdf3b333500f714206224e5529d') in 0.124049 seconds
Number of updated asset objects reloaded before import = 0
Number of asset objects unloaded after import = 5
========================================================================
Received Import Request.
  Time since last request: 0.000017 seconds.
  path: Assets/Stylized Toon Pro/Example Materials/NPR Materials/DiffuseWarp/Sketch 4.mat
  artifactKey: Guid(2795ab884a0485a4196d891c2775bc54) Importer(815301076,1909f56bfc062723c751e8b465ee728b)
Start importing Assets/Stylized Toon Pro/Example Materials/NPR Materials/DiffuseWarp/Sketch 4.mat using Guid(2795ab884a0485a4196d891c2775bc54) Importer(815301076,1909f56bfc062723c751e8b465ee728b)  -> (artifact id: '969b5f87a0699e81dedc75c861be875c') in 0.023219 seconds
Number of updated asset objects reloaded before import = 0
Number of asset objects unloaded after import = 6
========================================================================
Received Import Request.
  Time since last request: 0.000035 seconds.
  path: Assets/Stylized Toon Pro/Example Materials/NPR Materials/DiffuseWarp/Diffuse Warp 4.mat
  artifactKey: Guid(112a2d7f4acb4c24e9f81dcc79976cba) Importer(815301076,1909f56bfc062723c751e8b465ee728b)
Start importing Assets/Stylized Toon Pro/Example Materials/NPR Materials/DiffuseWarp/Diffuse Warp 4.mat using Guid(112a2d7f4acb4c24e9f81dcc79976cba) Importer(815301076,1909f56bfc062723c751e8b465ee728b)  -> (artifact id: '4bbd05585f0493715fa0a41e211aed0f') in 0.027786 seconds
Number of updated asset objects reloaded before import = 0
Number of asset objects unloaded after import = 8
========================================================================
Received Import Request.
  Time since last request: 0.000036 seconds.
  path: Assets/Stylized Toon Pro/Example Materials/NPR Materials/DiffuseWarp/Diffuse Warp 3.mat
  artifactKey: Guid(cc4911b4610a4474e9b56e3d18ab590f) Importer(815301076,1909f56bfc062723c751e8b465ee728b)
Start importing Assets/Stylized Toon Pro/Example Materials/NPR Materials/DiffuseWarp/Diffuse Warp 3.mat using Guid(cc4911b4610a4474e9b56e3d18ab590f) Importer(815301076,1909f56bfc062723c751e8b465ee728b)  -> (artifact id: '89ec95a8020e580087dde46e8511ad77') in 0.026225 seconds
Number of updated asset objects reloaded before import = 0
Number of asset objects unloaded after import = 4
========================================================================
Received Import Request.
  Time since last request: 0.000384 seconds.
  path: Assets/Stylized Toon Pro/Example Materials/NPR Materials/DiffuseWarp/Sketch 3.mat
  artifactKey: Guid(43f04a76c47b7e849930ecca8c4ca0db) Importer(815301076,1909f56bfc062723c751e8b465ee728b)
Start importing Assets/Stylized Toon Pro/Example Materials/NPR Materials/DiffuseWarp/Sketch 3.mat using Guid(43f04a76c47b7e849930ecca8c4ca0db) Importer(815301076,1909f56bfc062723c751e8b465ee728b)  -> (artifact id: 'fb1add1876d483994e4994b2ea62e09b') in 0.026541 seconds
Number of updated asset objects reloaded before import = 0
Number of asset objects unloaded after import = 7
========================================================================
Received Import Request.
  Time since last request: 13.024254 seconds.
  path: Assets/Stylized Toon Pro/Example Materials/NPR Materials/Ellen/Ellen_Hair_Mat 1.mat
  artifactKey: Guid(0d72f5c96321d0e48bd2e1c0ab07ec29) Importer(815301076,1909f56bfc062723c751e8b465ee728b)
Start importing Assets/Stylized Toon Pro/Example Materials/NPR Materials/Ellen/Ellen_Hair_Mat 1.mat using Guid(0d72f5c96321d0e48bd2e1c0ab07ec29) Importer(815301076,1909f56bfc062723c751e8b465ee728b)  -> (artifact id: '0b0296d57e0a6174bc3dee1475087a71') in 0.096416 seconds
Number of updated asset objects reloaded before import = 0
Number of asset objects unloaded after import = 10
========================================================================
Received Import Request.
  Time since last request: 1.655166 seconds.
  path: Assets/Stylized Toon Pro/Textures/Hatching/Pencil2/PencilHatchPackedLight.png
  artifactKey: Guid(92a9365c9601d7d4abdcb699c767f3ef) Importer(815301076,1909f56bfc062723c751e8b465ee728b)
Start importing Assets/Stylized Toon Pro/Textures/Hatching/Pencil2/PencilHatchPackedLight.png using Guid(92a9365c9601d7d4abdcb699c767f3ef) Importer(815301076,1909f56bfc062723c751e8b465ee728b)  -> (artifact id: 'dbf4cebb54bfe7f49ddafa8a37b145ee') in 0.067107 seconds
Number of updated asset objects reloaded before import = 0
Number of asset objects unloaded after import = 2
========================================================================
Received Import Request.
  Time since last request: 7.078758 seconds.
  path: Assets/Stylized Toon Pro/Example Materials/NPR Materials/Halftone/Halftone 2.mat
  artifactKey: Guid(030c10db3abeecd4f870cae81d5ddb4f) Importer(815301076,1909f56bfc062723c751e8b465ee728b)
Start importing Assets/Stylized Toon Pro/Example Materials/NPR Materials/Halftone/Halftone 2.mat using Guid(030c10db3abeecd4f870cae81d5ddb4f) Importer(815301076,1909f56bfc062723c751e8b465ee728b)  -> (artifact id: '5822565fd6fc6199efd5ad8458489815') in 0.045565 seconds
Number of updated asset objects reloaded before import = 0
Number of asset objects unloaded after import = 6
========================================================================
Received Import Request.
  Time since last request: 15.160637 seconds.
  path: Assets/Stylized Toon Pro/Example Materials/NPR Materials/Hatching/Hatch 2.mat
  artifactKey: Guid(01f8ef177114ea743882aa10aae0167e) Importer(815301076,1909f56bfc062723c751e8b465ee728b)
Start importing Assets/Stylized Toon Pro/Example Materials/NPR Materials/Hatching/Hatch 2.mat using Guid(01f8ef177114ea743882aa10aae0167e) Importer(815301076,1909f56bfc062723c751e8b465ee728b)  -> (artifact id: '6e9eac33d32e6e98eb89c421d285a59c') in 0.037078 seconds
Number of updated asset objects reloaded before import = 0
Number of asset objects unloaded after import = 6
========================================================================
Received Import Request.
  Time since last request: 0.000017 seconds.
  path: Assets/Stylized Toon Pro/Example Materials/NPR Materials/Hatching/Hatch 6.mat
  artifactKey: Guid(c0ef1c635d236e34e8a15eab872d381a) Importer(815301076,1909f56bfc062723c751e8b465ee728b)
Start importing Assets/Stylized Toon Pro/Example Materials/NPR Materials/Hatching/Hatch 6.mat using Guid(c0ef1c635d236e34e8a15eab872d381a) Importer(815301076,1909f56bfc062723c751e8b465ee728b)  -> (artifact id: 'bd24a1c99d60f5f833017f358db4c3ab') in 0.020167 seconds
Number of updated asset objects reloaded before import = 0
Number of asset objects unloaded after import = 5
========================================================================
Received Import Request.
  Time since last request: 1.141832 seconds.
  path: Assets/Stylized Toon Pro/Example Materials/NPR Materials/Rim/Rim Black.mat
  artifactKey: Guid(4e195fe6150d60a479cf5b75b64615e2) Importer(815301076,1909f56bfc062723c751e8b465ee728b)
Start importing Assets/Stylized Toon Pro/Example Materials/NPR Materials/Rim/Rim Black.mat using Guid(4e195fe6150d60a479cf5b75b64615e2) Importer(815301076,1909f56bfc062723c751e8b465ee728b)  -> (artifact id: 'f8bdf4a265223f5442e7b6ae5a1144f0') in 0.023157 seconds
Number of updated asset objects reloaded before import = 0
Number of asset objects unloaded after import = 4
========================================================================
Received Import Request.
  Time since last request: 0.252191 seconds.
  path: Assets/Stylized Toon Pro/Example Materials/NPR Materials/Robot/Robot Toon 2.mat
  artifactKey: Guid(0ea5ac9057fbc0045982a7616d325665) Importer(815301076,1909f56bfc062723c751e8b465ee728b)
Start importing Assets/Stylized Toon Pro/Example Materials/NPR Materials/Robot/Robot Toon 2.mat using Guid(0ea5ac9057fbc0045982a7616d325665) Importer(815301076,1909f56bfc062723c751e8b465ee728b)  -> (artifact id: '8dc6112990d456f740242ee445e1741e') in 0.059803 seconds
Number of updated asset objects reloaded before import = 0
Number of asset objects unloaded after import = 8
========================================================================
Received Import Request.
  Time since last request: 0.222843 seconds.
  path: Assets/Stylized Toon Pro/Example Materials/NPR Materials/Teapots/Gradient with warp.mat
  artifactKey: Guid(9ee736a825dcfd74abae3a0d67c370d4) Importer(815301076,1909f56bfc062723c751e8b465ee728b)
Start importing Assets/Stylized Toon Pro/Example Materials/NPR Materials/Teapots/Gradient with warp.mat using Guid(9ee736a825dcfd74abae3a0d67c370d4) Importer(815301076,1909f56bfc062723c751e8b465ee728b)  -> (artifact id: 'e725a3f3bcbd4669c428df50c75a7332') in 0.029245 seconds
Number of updated asset objects reloaded before import = 0
Number of asset objects unloaded after import = 4
========================================================================
Received Import Request.
  Time since last request: 0.000026 seconds.
  path: Assets/Stylized Toon Pro/Example Materials/NPR Materials/Teapots/Posterize + Hatching.mat
  artifactKey: Guid(5fa23f5da28f83a44a76fb493087a847) Importer(815301076,1909f56bfc062723c751e8b465ee728b)
Start importing Assets/Stylized Toon Pro/Example Materials/NPR Materials/Teapots/Posterize + Hatching.mat using Guid(5fa23f5da28f83a44a76fb493087a847) Importer(815301076,1909f56bfc062723c751e8b465ee728b)  -> (artifact id: 'd26950f7cf732ccd0224174bc801bdec') in 0.027197 seconds
Number of updated asset objects reloaded before import = 0
Number of asset objects unloaded after import = 5
========================================================================
Received Import Request.
  Time since last request: 0.907816 seconds.
  path: Assets/Stylized Toon Pro/Example Materials/NPR Materials/Light Ramps/LightRamp1.png
  artifactKey: Guid(0dbe550a260ccce439a2dc790e23f266) Importer(815301076,1909f56bfc062723c751e8b465ee728b)
Start importing Assets/Stylized Toon Pro/Example Materials/NPR Materials/Light Ramps/LightRamp1.png using Guid(0dbe550a260ccce439a2dc790e23f266) Importer(815301076,1909f56bfc062723c751e8b465ee728b)  -> (artifact id: '65f596fa0363fdb261315c154f35e8f1') in 0.024416 seconds
Number of updated asset objects reloaded before import = 0
Number of asset objects unloaded after import = 2
========================================================================
Received Import Request.
  Time since last request: 4.176535 seconds.
  path: Assets/Stylized Toon Pro/Example Materials/NPR Materials/Islands/Halftone/VegetationLarge03_Mat 1.mat
  artifactKey: Guid(b90343f8a6783ee47801377221e9afad) Importer(815301076,1909f56bfc062723c751e8b465ee728b)
Start importing Assets/Stylized Toon Pro/Example Materials/NPR Materials/Islands/Halftone/VegetationLarge03_Mat 1.mat using Guid(b90343f8a6783ee47801377221e9afad) Importer(815301076,1909f56bfc062723c751e8b465ee728b)  -> (artifact id: 'e3253cd2002ce2e317f5ea4c81b641f1') in 0.261591 seconds
Number of updated asset objects reloaded before import = 0
Number of asset objects unloaded after import = 7
Editor requested this worker to shutdown with reason: Scaling down because of idle timeout
TcpMessagingSession - receive error
AssetImportWorkerClient::OnTransportError - code=2 error=End of file
AssetImportWorker is now disconnected from the server
Process exiting
Exiting without the bug reporter. Application will terminate with return code 0